app/build/intermediates/manifest_merge_blame_file/debug/manifest-merger-blame-debug-report.txt
1<?xml version="1.0" encoding="utf-8"?>
2<manifest xmlns:android="http://schemas.android.com/apk/res/android"
3    package="com.teknos.m8uf2.jardura"
4    android:versionCode="1"
5    android:versionName="1.0" >
6
7    <uses-sdk
8        android:minSdkVersion="24"
9        android:targetSdkVersion="34" />
10    <!-- Permission to connect to the Internet -->
11    <uses-permission android:name="android.permission.INTERNET" />
11-->src/main/AndroidManifest.xml:5:5-67
11-->src/main/AndroidManifest.xml:5:22-64
12
13    <!-- Although the *SdkVersion is captured in gradle build files, this is required for non gradle builds -->
14    <!-- <uses-sdk android:minSdkVersion="14"/> -->
15    <uses-permission android:name="android.permission.ACCESS_NETWORK_STATE" />
15-->[com.google.firebase:firebase-database:20.3.0] AndroidManifest.xml:22:5-79
15-->[com.google.firebase:firebase-database:20.3.0] AndroidManifest.xml:22:22-76
16    <uses-permission android:name="android.permission.WAKE_LOCK" />
16-->[com.google.android.gms:play-services-measurement-api:21.5.0] AndroidManifest.xml:24:5-68
16-->[com.google.android.gms:play-services-measurement-api:21.5.0] AndroidManifest.xml:24:22-65
17    <uses-permission android:name="com.google.android.gms.permission.AD_ID" />
17-->[com.google.android.gms:play-services-measurement-api:21.5.0] AndroidManifest.xml:25:5-79
17-->[com.google.android.gms:play-services-measurement-api:21.5.0] AndroidManifest.xml:25:22-76
18    <uses-permission android:name="android.permission.ACCESS_ADSERVICES_ATTRIBUTION" />
18-->[com.google.android.gms:play-services-measurement-api:21.5.0] AndroidManifest.xml:26:5-88
18-->[com.google.android.gms:play-services-measurement-api:21.5.0] AndroidManifest.xml:26:22-85
19    <uses-permission android:name="android.permission.ACCESS_ADSERVICES_AD_ID" />
19-->[com.google.android.gms:play-services-measurement-api:21.5.0] AndroidManifest.xml:27:5-82
19-->[com.google.android.gms:play-services-measurement-api:21.5.0] AndroidManifest.xml:27:22-79
20    <uses-permission android:name="com.google.android.finsky.permission.BIND_GET_INSTALL_REFERRER_SERVICE" />
20-->[com.google.android.gms:play-services-measurement:21.5.0] AndroidManifest.xml:26:5-110
20-->[com.google.android.gms:play-services-measurement:21.5.0] AndroidManifest.xml:26:22-107
21
22    <permission
22-->[androidx.core:core:1.9.0] AndroidManifest.xml:22:5-24:47
23        android:name="com.teknos.m8uf2.jardura.DYNAMIC_RECEIVER_NOT_EXPORTED_PERMISSION"
23-->[androidx.core:core:1.9.0] AndroidManifest.xml:23:9-81
24        android:protectionLevel="signature" />
24-->[androidx.core:core:1.9.0] AndroidManifest.xml:24:9-44
25
26    <uses-permission android:name="com.teknos.m8uf2.jardura.DYNAMIC_RECEIVER_NOT_EXPORTED_PERMISSION" />
26-->[androidx.core:core:1.9.0] AndroidManifest.xml:26:5-97
26-->[androidx.core:core:1.9.0] AndroidManifest.xml:26:22-94
27
28    <application
28-->src/main/AndroidManifest.xml:7:5-47:19
29        android:allowBackup="true"
29-->src/main/AndroidManifest.xml:8:9-35
30        android:appComponentFactory="androidx.core.app.CoreComponentFactory"
30-->[androidx.core:core:1.9.0] AndroidManifest.xml:28:18-86
31        android:dataExtractionRules="@xml/data_extraction_rules"
31-->src/main/AndroidManifest.xml:9:9-65
32        android:debuggable="true"
33        android:extractNativeLibs="false"
34        android:fullBackupContent="@xml/backup_rules"
34-->src/main/AndroidManifest.xml:10:9-54
35        android:icon="@mipmap/ic_launcher"
35-->src/main/AndroidManifest.xml:11:9-43
36        android:label="@string/app_name"
36-->src/main/AndroidManifest.xml:12:9-41
37        android:roundIcon="@mipmap/ic_launcher_round"
37-->src/main/AndroidManifest.xml:13:9-54
38        android:supportsRtl="true"
38-->src/main/AndroidManifest.xml:14:9-35
39        android:testOnly="true"
40        android:theme="@style/Theme.Medrebost" >
40-->src/main/AndroidManifest.xml:15:9-47
41        <activity
41-->src/main/AndroidManifest.xml:17:9-19:40
42            android:name="com.teknos.m8uf2.jardura.QrCodeScannerActivity"
42-->src/main/AndroidManifest.xml:18:13-50
43            android:exported="false" />
43-->src/main/AndroidManifest.xml:19:13-37
44        <activity
44-->src/main/AndroidManifest.xml:20:9-22:40
45            android:name="com.teknos.m8uf2.jardura.QrReader"
45-->src/main/AndroidManifest.xml:21:13-37
46            android:exported="false" />
46-->src/main/AndroidManifest.xml:22:13-37
47        <activity
47-->src/main/AndroidManifest.xml:23:9-31:20
48            android:name="com.teknos.m8uf2.jardura.SplashActivity"
48-->src/main/AndroidManifest.xml:24:13-43
49            android:exported="true" >
49-->src/main/AndroidManifest.xml:25:13-36
50            <intent-filter>
50-->src/main/AndroidManifest.xml:26:13-30:29
51                <action android:name="android.intent.action.MAIN" />
51-->src/main/AndroidManifest.xml:27:17-69
51-->src/main/AndroidManifest.xml:27:25-66
52
53                <category android:name="android.intent.category.LAUNCHER" />
53-->src/main/AndroidManifest.xml:29:17-77
53-->src/main/AndroidManifest.xml:29:27-74
54            </intent-filter>
55        </activity>
56        <activity
56-->src/main/AndroidManifest.xml:32:9-34:40
57            android:name="com.teknos.m8uf2.jardura.MedsListActivity"
57-->src/main/AndroidManifest.xml:33:13-45
58            android:exported="false" />
58-->src/main/AndroidManifest.xml:34:13-37
59        <activity
59-->src/main/AndroidManifest.xml:35:9-37:40
60            android:name="com.teknos.m8uf2.jardura.SignUpActivity"
60-->src/main/AndroidManifest.xml:36:13-43
61            android:exported="false" />
61-->src/main/AndroidManifest.xml:37:13-37
62        <activity
62-->src/main/AndroidManifest.xml:38:9-46:20
63            android:name="com.teknos.m8uf2.jardura.MainActivity"
63-->src/main/AndroidManifest.xml:39:13-41
64            android:exported="true" >
64-->src/main/AndroidManifest.xml:40:13-36
65            <intent-filter>
65-->src/main/AndroidManifest.xml:26:13-30:29
66                <action android:name="android.intent.action.MAIN" />
66-->src/main/AndroidManifest.xml:27:17-69
66-->src/main/AndroidManifest.xml:27:25-66
67
68                <category android:name="android.intent.category.LAUNCHER" />
68-->src/main/AndroidManifest.xml:29:17-77
68-->src/main/AndroidManifest.xml:29:27-74
69            </intent-filter>
70        </activity>
71
72        <service
72-->[com.google.firebase:firebase-database:20.3.0] AndroidManifest.xml:26:9-35:19
73            android:name="com.google.firebase.components.ComponentDiscoveryService"
73-->[com.google.firebase:firebase-database:20.3.0] AndroidManifest.xml:27:13-84
74            android:directBootAware="true"
74-->[com.google.firebase:firebase-common:20.4.2] AndroidManifest.xml:32:13-43
75            android:exported="false" >
75-->[com.google.firebase:firebase-database:20.3.0] AndroidManifest.xml:28:13-37
76            <meta-data
76-->[com.google.firebase:firebase-database:20.3.0] AndroidManifest.xml:29:13-31:85
77                android:name="com.google.firebase.components:com.google.firebase.database.FirebaseDatabaseKtxRegistrar"
77-->[com.google.firebase:firebase-database:20.3.0] AndroidManifest.xml:30:17-120
78                android:value="com.google.firebase.components.ComponentRegistrar" />
78-->[com.google.firebase:firebase-database:20.3.0] AndroidManifest.xml:31:17-82
79            <meta-data
79-->[com.google.firebase:firebase-database:20.3.0] AndroidManifest.xml:32:13-34:85
80                android:name="com.google.firebase.components:com.google.firebase.database.DatabaseRegistrar"
80-->[com.google.firebase:firebase-database:20.3.0] AndroidManifest.xml:33:17-109
81                android:value="com.google.firebase.components.ComponentRegistrar" />
81-->[com.google.firebase:firebase-database:20.3.0] AndroidManifest.xml:34:17-82
82            <meta-data
82-->[com.google.firebase:firebase-firestore:24.10.0] AndroidManifest.xml:17:13-19:85
83                android:name="com.google.firebase.components:com.google.firebase.firestore.FirebaseFirestoreKtxRegistrar"
83-->[com.google.firebase:firebase-firestore:24.10.0] AndroidManifest.xml:18:17-122
84                android:value="com.google.firebase.components.ComponentRegistrar" />
84-->[com.google.firebase:firebase-firestore:24.10.0] AndroidManifest.xml:19:17-82
85            <meta-data
85-->[com.google.firebase:firebase-firestore:24.10.0] AndroidManifest.xml:20:13-22:85
86                android:name="com.google.firebase.components:com.google.firebase.firestore.FirestoreRegistrar"
86-->[com.google.firebase:firebase-firestore:24.10.0] AndroidManifest.xml:21:17-111
87                android:value="com.google.firebase.components.ComponentRegistrar" />
87-->[com.google.firebase:firebase-firestore:24.10.0] AndroidManifest.xml:22:17-82
88            <meta-data
88-->[com.google.firebase:firebase-auth:22.3.0] AndroidManifest.xml:69:13-71:85
89                android:name="com.google.firebase.components:com.google.firebase.auth.FirebaseAuthRegistrar"
89-->[com.google.firebase:firebase-auth:22.3.0] AndroidManifest.xml:70:17-109
90                android:value="com.google.firebase.components.ComponentRegistrar" />
90-->[com.google.firebase:firebase-auth:22.3.0] AndroidManifest.xml:71:17-82
91            <meta-data
91-->[com.google.firebase:firebase-storage:20.3.0] AndroidManifest.xml:30:13-32:85
92                android:name="com.google.firebase.components:com.google.firebase.storage.FirebaseStorageKtxRegistrar"
92-->[com.google.firebase:firebase-storage:20.3.0] AndroidManifest.xml:31:17-118
93                android:value="com.google.firebase.components.ComponentRegistrar" />
93-->[com.google.firebase:firebase-storage:20.3.0] AndroidManifest.xml:32:17-82
94            <meta-data
94-->[com.google.firebase:firebase-storage:20.3.0] AndroidManifest.xml:33:13-35:85
95                android:name="com.google.firebase.components:com.google.firebase.storage.StorageRegistrar"
95-->[com.google.firebase:firebase-storage:20.3.0] AndroidManifest.xml:34:17-107
96                android:value="com.google.firebase.components.ComponentRegistrar" />
96-->[com.google.firebase:firebase-storage:20.3.0] AndroidManifest.xml:35:17-82
97            <meta-data
97-->[com.google.firebase:firebase-appcheck:17.1.1] AndroidManifest.xml:25:13-27:85
98                android:name="com.google.firebase.components:com.google.firebase.appcheck.FirebaseAppCheckKtxRegistrar"
98-->[com.google.firebase:firebase-appcheck:17.1.1] AndroidManifest.xml:26:17-120
99                android:value="com.google.firebase.components.ComponentRegistrar" />
99-->[com.google.firebase:firebase-appcheck:17.1.1] AndroidManifest.xml:27:17-82
100            <meta-data
100-->[com.google.firebase:firebase-appcheck:17.1.1] AndroidManifest.xml:28:13-30:85
101                android:name="com.google.firebase.components:com.google.firebase.appcheck.FirebaseAppCheckRegistrar"
101-->[com.google.firebase:firebase-appcheck:17.1.1] AndroidManifest.xml:29:17-117
102                android:value="com.google.firebase.components.ComponentRegistrar" />
102-->[com.google.firebase:firebase-appcheck:17.1.1] AndroidManifest.xml:30:17-82
103            <meta-data
103-->[com.google.android.gms:play-services-measurement-api:21.5.0] AndroidManifest.xml:37:13-39:85
104                android:name="com.google.firebase.components:com.google.firebase.analytics.connector.internal.AnalyticsConnectorRegistrar"
104-->[com.google.android.gms:play-services-measurement-api:21.5.0] AndroidManifest.xml:38:17-139
105                android:value="com.google.firebase.components.ComponentRegistrar" />
105-->[com.google.android.gms:play-services-measurement-api:21.5.0] AndroidManifest.xml:39:17-82
106            <meta-data
106-->[com.google.firebase:firebase-installations:17.2.0] AndroidManifest.xml:15:13-17:85
107                android:name="com.google.firebase.components:com.google.firebase.installations.FirebaseInstallationsKtxRegistrar"
107-->[com.google.firebase:firebase-installations:17.2.0] AndroidManifest.xml:16:17-130
108                android:value="com.google.firebase.components.ComponentRegistrar" />
108-->[com.google.firebase:firebase-installations:17.2.0] AndroidManifest.xml:17:17-82
109            <meta-data
109-->[com.google.firebase:firebase-installations:17.2.0] AndroidManifest.xml:18:13-20:85
110                android:name="com.google.firebase.components:com.google.firebase.installations.FirebaseInstallationsRegistrar"
110-->[com.google.firebase:firebase-installations:17.2.0] AndroidManifest.xml:19:17-127
111                android:value="com.google.firebase.components.ComponentRegistrar" />
111-->[com.google.firebase:firebase-installations:17.2.0] AndroidManifest.xml:20:17-82
112            <meta-data
112-->[com.google.firebase:firebase-common-ktx:20.4.2] AndroidManifest.xml:12:13-14:85
113                android:name="com.google.firebase.components:com.google.firebase.ktx.FirebaseCommonLegacyRegistrar"
113-->[com.google.firebase:firebase-common-ktx:20.4.2] AndroidManifest.xml:13:17-116
114                android:value="com.google.firebase.components.ComponentRegistrar" />
114-->[com.google.firebase:firebase-common-ktx:20.4.2] AndroidManifest.xml:14:17-82
115            <meta-data
115-->[com.google.firebase:firebase-common:20.4.2] AndroidManifest.xml:35:13-37:85
116                android:name="com.google.firebase.components:com.google.firebase.FirebaseCommonKtxRegistrar"
116-->[com.google.firebase:firebase-common:20.4.2] AndroidManifest.xml:36:17-109
117                android:value="com.google.firebase.components.ComponentRegistrar" />
117-->[com.google.firebase:firebase-common:20.4.2] AndroidManifest.xml:37:17-82
118        </service>
119
120        <activity
120-->[com.google.firebase:firebase-auth:22.3.0] AndroidManifest.xml:29:9-46:20
121            android:name="com.google.firebase.auth.internal.GenericIdpActivity"
121-->[com.google.firebase:firebase-auth:22.3.0] AndroidManifest.xml:30:13-80
122            android:excludeFromRecents="true"
122-->[com.google.firebase:firebase-auth:22.3.0] AndroidManifest.xml:31:13-46
123            android:exported="true"
123-->[com.google.firebase:firebase-auth:22.3.0] AndroidManifest.xml:32:13-36
124            android:launchMode="singleTask"
124-->[com.google.firebase:firebase-auth:22.3.0] AndroidManifest.xml:33:13-44
125            android:theme="@android:style/Theme.Translucent.NoTitleBar" >
125-->[com.google.firebase:firebase-auth:22.3.0] AndroidManifest.xml:34:13-72
126            <intent-filter>
126-->[com.google.firebase:firebase-auth:22.3.0] AndroidManifest.xml:35:13-45:29
127                <action android:name="android.intent.action.VIEW" />
127-->[com.google.firebase:firebase-auth:22.3.0] AndroidManifest.xml:36:17-69
127-->[com.google.firebase:firebase-auth:22.3.0] AndroidManifest.xml:36:25-66
128
129                <category android:name="android.intent.category.DEFAULT" />
129-->[com.google.firebase:firebase-auth:22.3.0] AndroidManifest.xml:38:17-76
129-->[com.google.firebase:firebase-auth:22.3.0] AndroidManifest.xml:38:27-73
130                <category android:name="android.intent.category.BROWSABLE" />
130-->[com.google.firebase:firebase-auth:22.3.0] AndroidManifest.xml:39:17-78
130-->[com.google.firebase:firebase-auth:22.3.0] AndroidManifest.xml:39:27-75
131
132                <data
132-->[com.google.firebase:firebase-auth:22.3.0] AndroidManifest.xml:41:17-44:51
133                    android:host="firebase.auth"
133-->[com.google.firebase:firebase-auth:22.3.0] AndroidManifest.xml:42:21-49
134                    android:path="/"
134-->[com.google.firebase:firebase-auth:22.3.0] AndroidManifest.xml:43:21-37
135                    android:scheme="genericidp" />
135-->[com.google.firebase:firebase-auth:22.3.0] AndroidManifest.xml:44:21-48
136            </intent-filter>
137        </activity>
138        <activity
138-->[com.google.firebase:firebase-auth:22.3.0] AndroidManifest.xml:47:9-64:20
139            android:name="com.google.firebase.auth.internal.RecaptchaActivity"
139-->[com.google.firebase:firebase-auth:22.3.0] AndroidManifest.xml:48:13-79
140            android:excludeFromRecents="true"
140-->[com.google.firebase:firebase-auth:22.3.0] AndroidManifest.xml:49:13-46
141            android:exported="true"
141-->[com.google.firebase:firebase-auth:22.3.0] AndroidManifest.xml:50:13-36
142            android:launchMode="singleTask"
142-->[com.google.firebase:firebase-auth:22.3.0] AndroidManifest.xml:51:13-44
143            android:theme="@android:style/Theme.Translucent.NoTitleBar" >
143-->[com.google.firebase:firebase-auth:22.3.0] AndroidManifest.xml:52:13-72
144            <intent-filter>
144-->[com.google.firebase:firebase-auth:22.3.0] AndroidManifest.xml:53:13-63:29
145                <action android:name="android.intent.action.VIEW" />
145-->[com.google.firebase:firebase-auth:22.3.0] AndroidManifest.xml:36:17-69
145-->[com.google.firebase:firebase-auth:22.3.0] AndroidManifest.xml:36:25-66
146
147                <category android:name="android.intent.category.DEFAULT" />
147-->[com.google.firebase:firebase-auth:22.3.0] AndroidManifest.xml:38:17-76
147-->[com.google.firebase:firebase-auth:22.3.0] AndroidManifest.xml:38:27-73
148                <category android:name="android.intent.category.BROWSABLE" />
148-->[com.google.firebase:firebase-auth:22.3.0] AndroidManifest.xml:39:17-78
148-->[com.google.firebase:firebase-auth:22.3.0] AndroidManifest.xml:39:27-75
149
150                <data
150-->[com.google.firebase:firebase-auth:22.3.0] AndroidManifest.xml:41:17-44:51
151                    android:host="firebase.auth"
151-->[com.google.firebase:firebase-auth:22.3.0] AndroidManifest.xml:42:21-49
152                    android:path="/"
152-->[com.google.firebase:firebase-auth:22.3.0] AndroidManifest.xml:43:21-37
153                    android:scheme="recaptcha" />
153-->[com.google.firebase:firebase-auth:22.3.0] AndroidManifest.xml:44:21-48
154            </intent-filter>
155        </activity>
156
157        <property
157-->[com.google.android.gms:play-services-measurement-api:21.5.0] AndroidManifest.xml:30:9-32:61
158            android:name="android.adservices.AD_SERVICES_CONFIG"
158-->[com.google.android.gms:play-services-measurement-api:21.5.0] AndroidManifest.xml:31:13-65
159            android:resource="@xml/ga_ad_services_config" />
159-->[com.google.android.gms:play-services-measurement-api:21.5.0] AndroidManifest.xml:32:13-58
160
161        <provider
161-->[com.google.firebase:firebase-common:20.4.2] AndroidManifest.xml:23:9-28:39
162            android:name="com.google.firebase.provider.FirebaseInitProvider"
162-->[com.google.firebase:firebase-common:20.4.2] AndroidManifest.xml:24:13-77
163            android:authorities="com.teknos.m8uf2.jardura.firebaseinitprovider"
163-->[com.google.firebase:firebase-common:20.4.2] AndroidManifest.xml:25:13-72
164            android:directBootAware="true"
164-->[com.google.firebase:firebase-common:20.4.2] AndroidManifest.xml:26:13-43
165            android:exported="false"
165-->[com.google.firebase:firebase-common:20.4.2] AndroidManifest.xml:27:13-37
166            android:initOrder="100" />
166-->[com.google.firebase:firebase-common:20.4.2] AndroidManifest.xml:28:13-36
167
168        <activity
168-->[com.google.android.gms:play-services-base:18.1.0] AndroidManifest.xml:20:9-22:45
169            android:name="com.google.android.gms.common.api.GoogleApiActivity"
169-->[com.google.android.gms:play-services-base:18.1.0] AndroidManifest.xml:20:19-85
170            android:exported="false"
170-->[com.google.android.gms:play-services-base:18.1.0] AndroidManifest.xml:22:19-43
171            android:theme="@android:style/Theme.Translucent.NoTitleBar" />
171-->[com.google.android.gms:play-services-base:18.1.0] AndroidManifest.xml:21:19-78
172
173        <receiver
173-->[com.google.android.gms:play-services-measurement:21.5.0] AndroidManifest.xml:29:9-33:20
174            android:name="com.google.android.gms.measurement.AppMeasurementReceiver"
174-->[com.google.android.gms:play-services-measurement:21.5.0] AndroidManifest.xml:30:13-85
175            android:enabled="true"
175-->[com.google.android.gms:play-services-measurement:21.5.0] AndroidManifest.xml:31:13-35
176            android:exported="false" >
176-->[com.google.android.gms:play-services-measurement:21.5.0] AndroidManifest.xml:32:13-37
177        </receiver>
178
179        <service
179-->[com.google.android.gms:play-services-measurement:21.5.0] AndroidManifest.xml:35:9-38:40
180            android:name="com.google.android.gms.measurement.AppMeasurementService"
180-->[com.google.android.gms:play-services-measurement:21.5.0] AndroidManifest.xml:36:13-84
181            android:enabled="true"
181-->[com.google.android.gms:play-services-measurement:21.5.0] AndroidManifest.xml:37:13-35
182            android:exported="false" />
182-->[com.google.android.gms:play-services-measurement:21.5.0] AndroidManifest.xml:38:13-37
183        <service
183-->[com.google.android.gms:play-services-measurement:21.5.0] AndroidManifest.xml:39:9-43:72
184            android:name="com.google.android.gms.measurement.AppMeasurementJobService"
184-->[com.google.android.gms:play-services-measurement:21.5.0] AndroidManifest.xml:40:13-87
185            android:enabled="true"
185-->[com.google.android.gms:play-services-measurement:21.5.0] AndroidManifest.xml:41:13-35
186            android:exported="false"
186-->[com.google.android.gms:play-services-measurement:21.5.0] AndroidManifest.xml:42:13-37
187            android:permission="android.permission.BIND_JOB_SERVICE" />
187-->[com.google.android.gms:play-services-measurement:21.5.0] AndroidManifest.xml:43:13-69
188
189        <uses-library
189-->[androidx.privacysandbox.ads:ads-adservices:1.0.0-beta05] AndroidManifest.xml:23:9-25:40
190            android:name="android.ext.adservices"
190-->[androidx.privacysandbox.ads:ads-adservices:1.0.0-beta05] AndroidManifest.xml:24:13-50
191            android:required="false" />
191-->[androidx.privacysandbox.ads:ads-adservices:1.0.0-beta05] AndroidManifest.xml:25:13-37
192
193        <provider
193-->[androidx.emoji2:emoji2:1.2.0] AndroidManifest.xml:24:9-32:20
194            android:name="androidx.startup.InitializationProvider"
194-->[androidx.emoji2:emoji2:1.2.0] AndroidManifest.xml:25:13-67
195            android:authorities="com.teknos.m8uf2.jardura.androidx-startup"
195-->[androidx.emoji2:emoji2:1.2.0] AndroidManifest.xml:26:13-68
196            android:exported="false" >
196-->[androidx.emoji2:emoji2:1.2.0] AndroidManifest.xml:27:13-37
197            <meta-data
197-->[androidx.emoji2:emoji2:1.2.0] AndroidManifest.xml:29:13-31:52
198                android:name="androidx.emoji2.text.EmojiCompatInitializer"
198-->[androidx.emoji2:emoji2:1.2.0] AndroidManifest.xml:30:17-75
199                android:value="androidx.startup" />
199-->[androidx.emoji2:emoji2:1.2.0] AndroidManifest.xml:31:17-49
200            <meta-data
200-->[androidx.lifecycle:lifecycle-process:2.6.1] AndroidManifest.xml:29:13-31:52
201                android:name="androidx.lifecycle.ProcessLifecycleInitializer"
201-->[androidx.lifecycle:lifecycle-process:2.6.1] AndroidManifest.xml:30:17-78
202                android:value="androidx.startup" />
202-->[androidx.lifecycle:lifecycle-process:2.6.1] AndroidManifest.xml:31:17-49
203            <meta-data
203-->[androidx.profileinstaller:profileinstaller:1.3.0] AndroidManifest.xml:29:13-31:52
204                android:name="androidx.profileinstaller.ProfileInstallerInitializer"
204-->[androidx.profileinstaller:profileinstaller:1.3.0] AndroidManifest.xml:30:17-85
205                android:value="androidx.startup" />
205-->[androidx.profileinstaller:profileinstaller:1.3.0] AndroidManifest.xml:31:17-49
206        </provider>
207
208        <meta-data
208-->[com.google.android.gms:play-services-basement:18.1.0] AndroidManifest.xml:21:9-23:69
209            android:name="com.google.android.gms.version"
209-->[com.google.android.gms:play-services-basement:18.1.0] AndroidManifest.xml:22:13-58
210            android:value="@integer/google_play_services_version" />
210-->[com.google.android.gms:play-services-basement:18.1.0] AndroidManifest.xml:23:13-66
211
212        <receiver
212-->[androidx.profileinstaller:profileinstaller:1.3.0] AndroidManifest.xml:34:9-52:20
213            android:name="androidx.profileinstaller.ProfileInstallReceiver"
213-->[androidx.profileinstaller:profileinstaller:1.3.0] AndroidManifest.xml:35:13-76
214            android:directBootAware="false"
214-->[androidx.profileinstaller:profileinstaller:1.3.0] AndroidManifest.xml:36:13-44
215            android:enabled="true"
215-->[androidx.profileinstaller:profileinstaller:1.3.0] AndroidManifest.xml:37:13-35
216            android:exported="true"
216-->[androidx.profileinstaller:profileinstaller:1.3.0] AndroidManifest.xml:38:13-36
217            android:permission="android.permission.DUMP" >
217-->[androidx.profileinstaller:profileinstaller:1.3.0] AndroidManifest.xml:39:13-57
218            <intent-filter>
218-->[androidx.profileinstaller:profileinstaller:1.3.0] AndroidManifest.xml:40:13-42:29
219                <action android:name="androidx.profileinstaller.action.INSTALL_PROFILE" />
219-->[androidx.profileinstaller:profileinstaller:1.3.0] AndroidManifest.xml:41:17-91
219-->[androidx.profileinstaller:profileinstaller:1.3.0] AndroidManifest.xml:41:25-88
220            </intent-filter>
221            <intent-filter>
221-->[androidx.profileinstaller:profileinstaller:1.3.0] AndroidManifest.xml:43:13-45:29
222                <action android:name="androidx.profileinstaller.action.SKIP_FILE" />
222-->[androidx.profileinstaller:profileinstaller:1.3.0] AndroidManifest.xml:44:17-85
222-->[androidx.profileinstaller:profileinstaller:1.3.0] AndroidManifest.xml:44:25-82
223            </intent-filter>
224            <intent-filter>
224-->[androidx.profileinstaller:profileinstaller:1.3.0] AndroidManifest.xml:46:13-48:29
225                <action android:name="androidx.profileinstaller.action.SAVE_PROFILE" />
225-->[androidx.profileinstaller:profileinstaller:1.3.0] AndroidManifest.xml:47:17-88
225-->[androidx.profileinstaller:profileinstaller:1.3.0] AndroidManifest.xml:47:25-85
226            </intent-filter>
227            <intent-filter>
227-->[androidx.profileinstaller:profileinstaller:1.3.0] AndroidManifest.xml:49:13-51:29
228                <action android:name="androidx.profileinstaller.action.BENCHMARK_OPERATION" />
228-->[androidx.profileinstaller:profileinstaller:1.3.0] AndroidManifest.xml:50:17-95
228-->[androidx.profileinstaller:profileinstaller:1.3.0] AndroidManifest.xml:50:25-92
229            </intent-filter>
230        </receiver>
231    </application>
232
233</manifest>